<?xml version="1.0" encoding="UTF-8"?>
<testng-results ignored="0" total="1" passed="1" failed="0" skipped="0">
  <reporter-output>
  </reporter-output>
  <suite started-at="2022-05-16T05:57:07Z" name="Default suite" finished-at="2022-05-16T05:57:27Z" duration-ms="20348">
    <groups>
    </groups>
    <test started-at="2022-05-16T05:57:07Z" name="Default test" finished-at="2022-05-16T05:57:27Z" duration-ms="20348">
      <class name="com.qa.testcases.LoginPageTest">
        <test-method is-config="true" signature="setUp()[pri:0, instance:com.qa.testcases.LoginPageTest@5965be2d]" started-at="2022-05-16T11:27:07Z" name="setUp" finished-at="2022-05-16T11:27:27Z" duration-ms="19936" status="PASS">
          <reporter-output>
          </reporter-output>
        </test-method> <!-- setUp -->
        <test-method signature="loginPageTitleTest()[pri:1, instance:com.qa.testcases.LoginPageTest@5965be2d]" started-at="2022-05-16T11:27:27Z" name="loginPageTitleTest" finished-at="2022-05-16T11:27:27Z" duration-ms="387" status="PASS">
          <reporter-output>
          </reporter-output>
        </test-method> <!-- loginPageTitleTest -->
      </class> <!-- com.qa.testcases.LoginPageTest -->
    </test> <!-- Default test -->
  </suite> <!-- Default suite -->
</testng-results>
