<?xml version="1.0" encoding="UTF-8"?>
<!-- Generated by org.testng.reporters.JUnitXMLReporter -->
<testsuite hostname="LAPTOP-7COIQNKA" ignored="3" name="Default test" tests="1" failures="0" timestamp="2022-06-10T15:55:00 IST" time="37.604" errors="0">
  <testcase name="addPayrolColumn" time="19.704" classname="com.qa.testcases.TimeSheetStaffTestCase"/>
  <testcase name="detailView" time="0.0" classname="com.qa.testcases.TimeSheetStaffTestCase">
    <ignored/>
  </testcase> <!-- detailView -->
  <testcase name="timeSheetCalendar" time="0.0" classname="com.qa.testcases.TimeSheetStaffTestCase">
    <ignored/>
  </testcase> <!-- timeSheetCalendar -->
  <testcase name="timeSheetTab" time="0.0" classname="com.qa.testcases.TimeSheetStaffTestCase">
    <ignored/>
  </testcase> <!-- timeSheetTab -->
</testsuite> <!-- Default test -->
