<?xml version="1.0" encoding="UTF-8"?>
<testng-results skipped="0" failed="0" ignored="3" total="4" passed="1">
  <reporter-output>
  </reporter-output>
  <suite name="Default suite" duration-ms="37604" started-at="2022-06-10T15:54:22 IST" finished-at="2022-06-10T15:55:00 IST">
    <groups>
    </groups>
    <test name="Default test" duration-ms="37604" started-at="2022-06-10T15:54:22 IST" finished-at="2022-06-10T15:55:00 IST">
      <class name="com.qa.testcases.TimeSheetStaffTestCase">
        <test-method status="PASS" signature="setUp()[pri:0, instance:com.qa.testcases.TimeSheetStaffTestCase@631330c]" name="setUp" is-config="true" duration-ms="17848" started-at="2022-06-10T15:54:22 IST" finished-at="2022-06-10T15:54:40 IST">
          <reporter-output>
          </reporter-output>
        </test-method> <!-- setUp -->
        <test-method status="PASS" signature="addPayrolColumn()[pri:1, instance:com.qa.testcases.TimeSheetStaffTestCase@631330c]" name="addPayrolColumn" duration-ms="19704" started-at="2022-06-10T15:54:40 IST" finished-at="2022-06-10T15:55:00 IST">
          <reporter-output>
          </reporter-output>
        </test-method> <!-- addPayrolColumn -->
      </class> <!-- com.qa.testcases.TimeSheetStaffTestCase -->
    </test> <!-- Default test -->
  </suite> <!-- Default suite -->
</testng-results>
